<?xml version="1.0" encoding="UTF-8"?>
<testng-results ignored="0" total="1" passed="1" failed="0" skipped="0">
  <reporter-output>
  </reporter-output>
  <suite started-at="2023-02-16T12:51:10 IST" name="Default suite" finished-at="2023-02-16T12:51:48 IST" duration-ms="37846">
    <groups>
    </groups>
    <test started-at="2023-02-16T12:51:10 IST" name="Default test" finished-at="2023-02-16T12:51:48 IST" duration-ms="37846">
      <class name="mobiletestingdemo.BanjaraRide">
        <test-method is-config="true" signature="cap()[pri:0, instance:mobiletestingdemo.BanjaraRide@72967906]" started-at="2023-02-16T12:51:10 IST" name="cap" finished-at="2023-02-16T12:51:19 IST" duration-ms="9625" status="PASS">
          <reporter-output>
          </reporter-output>
        </test-method> <!-- cap -->
        <test-method signature="test1()[pri:0, instance:mobiletestingdemo.BanjaraRide@72967906]" started-at="2023-02-16T12:51:20 IST" name="test1" finished-at="2023-02-16T12:51:48 IST" duration-ms="28166" status="PASS">
          <reporter-output>
          </reporter-output>
        </test-method> <!-- test1 -->
        <test-method is-config="true" signature="afterTest()[pri:0, instance:mobiletestingdemo.BanjaraRide@72967906]" started-at="2023-02-16T12:51:48 IST" name="afterTest" finished-at="2023-02-16T12:51:48 IST" duration-ms="2" status="PASS">
          <reporter-output>
          </reporter-output>
        </test-method> <!-- afterTest -->
      </class> <!-- mobiletestingdemo.BanjaraRide -->
    </test> <!-- Default test -->
  </suite> <!-- Default suite -->
</testng-results>
